<?xml version="1.0" encoding="UTF-8" ?>
<testsuite tests="8" failures="0" name="hellocucumber.RunCucumberTest" time="0" errors="0" skipped="0">
  <properties>
[...]
</properties>
  <testcase classname="Find me a TV" name="Find me a Bike." time="0"/>
  <testcase classname="Find me a TV" name="Find me a Bike." time="0"/>
  <testcase classname="Find me a TV" name="Find me a Bike." time="0"/>
  <testcase classname="Find me a TV" name="Find me a Bike." time="0"/>
  <testcase classname="Find my bike!" name="Is it my bike?" time="0"/>
  <testcase classname="Find my bike!" name="Is it my bike?" time="0"/>
  <testcase classname="Find my bike!" name="Is it my bike?" time="0"/>
  <testcase classname="Find my bike!" name="Is it my bike?" time="0"/>
</testsuite>